{
  "RSpec": {
    "coverage": {
      "/Users/sandymarie/turing/1module/projects/enigma/lib/enigma.rb": {
        "lines": [
          1,
          1,
          null,
          1,
          null,
          1,
          null,
          null,
          null,
          1,
          null,
          null,
          null,
          null,
          1,
          null,
          null,
          null
        ]
      },
      "/Users/sandymarie/turing/1module/projects/enigma/lib/key_gen.rb": {
        "lines": [
          1,
          1,
          null,
          1,
          1,
          null,
          3,
          null,
          null,
          null,
          null,
          null,
          null,
          null,
          1,
          1,
          1,
          1,
          1,
          null,
          null,
          null,
          null
        ]
      }
    },
    "timestamp": 1655244238
  }
}
