{
  "RSpec": {
    "coverage": {
      "/Users/sandymarie/turing/1module/projects/enigma/lib/enigma.rb": {
        "lines": [
          1,
          1,
          null,
          1,
          null,
          1,
          null,
          null,
          null,
          1,
          null,
          null,
          null,
          null,
          1,
          null,
          null,
          null
        ]
      },
      "/Users/sandymarie/turing/1module/projects/enigma/lib/encrypt.rb": {
        "lines": [
          null,
          null,
          1,
          1,
          1,
          1,
          2,
          2,
          2,
          null,
          null,
          null,
          null
        ]
      },
      "/Users/sandymarie/turing/1module/projects/enigma/lib/decryption.rb": {
        "lines": [
          null
        ]
      }
    },
    "timestamp": 1655245639
  }
}
